<?xml version="1.0" encoding="UTF-8"?>
<!-- Generated by org.testng.reporters.JUnitReportReporter -->
<testsuite hostname="LAPTOP-57K6NQ5R" failures="0" tests="1" name="api.test.GetBPIsTest" time="2.116" errors="0" timestamp="2024-12-09T03:03:28 IST" skipped="0">
  <testcase classname="api.test.GetBPIsTest" name="getBPIdata" time="2.116"/>
</testsuite> <!-- api.test.GetBPIsTest -->
